TN:
SF:src\routes\items.js
FN:8,readData
FN:14,(anonymous_1)
FN:22,(anonymous_2)
FN:36,(anonymous_3)
FN:39,(anonymous_4)
FN:52,(anonymous_5)
FNF:6
FNH:6
FNDA:11,readData
FNDA:4,(anonymous_1)
FNDA:5,(anonymous_2)
FNDA:4,(anonymous_3)
FNDA:11,(anonymous_4)
FNDA:3,(anonymous_5)
DA:1,1
DA:2,1
DA:3,1
DA:4,1
DA:5,1
DA:9,11
DA:10,8
DA:14,1
DA:15,4
DA:16,4
DA:17,3
DA:18,3
DA:20,3
DA:22,5
DA:25,3
DA:26,1
DA:29,3
DA:31,1
DA:36,1
DA:37,4
DA:38,4
DA:39,11
DA:40,3
DA:41,2
DA:42,2
DA:43,2
DA:45,1
DA:47,3
DA:52,1
DA:53,3
DA:55,3
DA:56,3
DA:57,2
DA:58,2
DA:59,2
DA:60,1
DA:62,2
DA:66,1
LF:38
LH:38
BRDA:20,0,0,1
BRDA:20,0,1,2
BRDA:25,1,0,1
BRDA:25,1,1,2
BRDA:40,2,0,2
BRDA:40,2,1,1
BRF:6
BRH:6
end_of_record
